<?xml version="1.0" encoding="UTF-8"?>
<!-- Generated by org.testng.reporters.JUnitReportReporter -->
<testsuite hostname="LAPTOP-E9IFTJVR" failures="0" tests="1" name="tes_tng.Parameter" time="0.015" errors="0" timestamp="2023-11-13T12:13:34 IST" skipped="0">
  <testcase classname="tes_tng.Parameter" name="test" time="0.015"/>
  <system-out/>
</testsuite> <!-- tes_tng.Parameter -->
