<?xml version="1.0" encoding="UTF-8"?>
<!-- Generated by org.testng.reporters.JUnitReportReporter -->
<testsuite hostname="LAPTOP-E9IFTJVR" failures="0" tests="1" name="shopclues.Shopcluestest" time="23.725" errors="0" timestamp="2024-01-22T12:43:00 IST" skipped="0">
  <testcase classname="shopclues.Shopcluestest" name="test" time="23.725"/>
  <system-out/>
</testsuite> <!-- shopclues.Shopcluestest -->
