<?xml version="1.0" encoding="UTF-8"?>
<!-- Generated by org.testng.reporters.JUnitReportReporter -->
<testsuite hostname="LAPTOP-E9IFTJVR" failures="0" tests="1" name="tes_tng.Assertion" time="4.086" errors="0" timestamp="2023-11-24T11:48:46 IST" skipped="0">
  <testcase classname="tes_tng.Assertion" name="test" time="4.086"/>
  <system-out/>
</testsuite> <!-- tes_tng.Assertion -->
