<?xml version="1.0" encoding="UTF-8"?>
<!-- Generated by org.testng.reporters.JUnitReportReporter -->
<testsuite hostname="LAPTOP-E9IFTJVR" failures="0" tests="1" name="tes_tng.Disablenotification" time="4.230" errors="0" timestamp="2023-11-21T12:54:11 IST" skipped="0">
  <testcase classname="tes_tng.Disablenotification" name="test" time="4.230"/>
  <system-out/>
</testsuite> <!-- tes_tng.Disablenotification -->
