<?xml version="1.0" encoding="UTF-8"?>
<!-- Generated by org.testng.reporters.JUnitReportReporter -->
<testsuite hostname="LAPTOP-E9IFTJVR" failures="0" tests="1" name="tes_tng.Guru99dragdrop" time="1.031" errors="0" timestamp="2023-11-14T12:55:55 IST" skipped="0">
  <testcase classname="tes_tng.Guru99dragdrop" name="test" time="1.031"/>
  <system-out/>
</testsuite> <!-- tes_tng.Guru99dragdrop -->
