<?xml version="1.0" encoding="UTF-8"?>
<!-- Generated by org.testng.reporters.JUnitReportReporter -->
<testsuite hostname="LAPTOP-E9IFTJVR" failures="0" tests="1" name="tes_tng.Rediffcopypaste" time="2.449" errors="0" timestamp="2023-11-14T12:14:52 IST" skipped="0">
  <testcase classname="tes_tng.Rediffcopypaste" name="test" time="2.449"/>
  <system-out/>
</testsuite> <!-- tes_tng.Rediffcopypaste -->
