<?xml version="1.0" encoding="UTF-8"?>
<!-- Generated by org.testng.reporters.JUnitReportReporter -->
<testsuite hostname="LAPTOP-E9IFTJVR" failures="0" tests="1" name="tes_tng.Buttonscreenshot" time="6.960" errors="0" timestamp="2023-11-21T12:14:49 IST" skipped="0">
  <testcase classname="tes_tng.Buttonscreenshot" name="test" time="6.960"/>
  <system-out/>
</testsuite> <!-- tes_tng.Buttonscreenshot -->
