<?xml version="1.0" encoding="UTF-8"?>
<!-- Generated by org.testng.reporters.JUnitReportReporter -->
<testsuite hostname="LAPTOP-E9IFTJVR" failures="0" tests="1" name="Test.Fblogintest" time="3.781" errors="0" timestamp="2023-11-27T12:50:54 IST" skipped="0">
  <testcase classname="Test.Fblogintest" name="test" time="3.781"/>
  <system-out/>
</testsuite> <!-- Test.Fblogintest -->
