<?xml version="1.0" encoding="UTF-8"?>
<!-- Generated by org.testng.reporters.JUnitReportReporter -->
<testsuite hostname="LAPTOP-E9IFTJVR" failures="0" tests="1" name="tes_tng.Guru99upload" time="5.710" errors="0" timestamp="2023-11-17T12:00:05 IST" skipped="0">
  <testcase classname="tes_tng.Guru99upload" name="test" time="5.710"/>
  <system-out/>
</testsuite> <!-- tes_tng.Guru99upload -->
