<?xml version="1.0" encoding="UTF-8"?>
<!-- Generated by org.testng.reporters.JUnitReportReporter -->
<testsuite hostname="LAPTOP-E9IFTJVR" failures="0" tests="1" name="shopclues.Shopcluestest" time="43.577" errors="0" timestamp="2024-01-22T16:04:06 IST" skipped="0">
  <testcase classname="shopclues.Shopcluestest" name="test" time="43.577"/>
  <system-out/>
</testsuite> <!-- shopclues.Shopcluestest -->
