<?xml version="1.0" encoding="UTF-8"?>
<!-- Generated by org.testng.reporters.JUnitReportReporter -->
<testsuite hostname="LAPTOP-E9IFTJVR" failures="0" tests="2" name="tes_tng.Testng" time="0.017" errors="0" timestamp="2023-11-13T11:52:01 IST" skipped="0">
  <testcase classname="tes_tng.Testng" name="test1" time="0.015"/>
  <system-out/>
  <testcase classname="tes_tng.Testng" name="test2" time="0.002"/>
  <system-out/>
</testsuite> <!-- tes_tng.Testng -->
