<?xml version="1.0" encoding="UTF-8"?>
<!-- Generated by org.testng.reporters.JUnitReportReporter -->
<testsuite hostname="LAPTOP-E9IFTJVR" failures="0" tests="1" name="tes_tng.Windowshandle" time="8.943" errors="0" timestamp="2023-11-23T12:29:14 IST" skipped="0">
  <testcase classname="tes_tng.Windowshandle" name="test" time="8.943"/>
  <system-out/>
</testsuite> <!-- tes_tng.Windowshandle -->
