<?xml version="1.0" encoding="UTF-8"?>
<!-- Generated by org.testng.reporters.JUnitReportReporter -->
<testsuite hostname="LAPTOP-E9IFTJVR" failures="0" tests="1" name="tes_tng.Fileupload" time="12.057" errors="0" timestamp="2023-11-17T12:52:54 IST" skipped="0">
  <testcase classname="tes_tng.Fileupload" name="test" time="12.057"/>
  <system-out/>
</testsuite> <!-- tes_tng.Fileupload -->
