<?xml version="1.0" encoding="UTF-8"?>
<!-- Generated by org.testng.reporters.JUnitReportReporter -->
<testsuite hostname="LAPTOP-E9IFTJVR" failures="0" tests="1" name="tes_tng.Datadriventest" time="4.229" errors="0" timestamp="2023-11-22T12:50:01 IST" skipped="0">
  <testcase classname="tes_tng.Datadriventest" name="test" time="4.229"/>
  <system-out/>
</testsuite> <!-- tes_tng.Datadriventest -->
